[0.034s] Invoking command in '/vicon_GJM_test/ros2-vicon-receiver/vicon_receiver/build/vicon_receiver': CMAKE_PREFIX_PATH=${CMAKE_PREFIX_PATH}:/opt/ros/foxy /usr/bin/cmake --build /vicon_GJM_test/ros2-vicon-receiver/vicon_receiver/build/vicon_receiver -- -j8 -l8
[0.116s] [  2%] Built target vicon_receiver__cpp
[0.118s] [ 10%] Built target vicon_receiver__rosidl_generator_c
[0.156s] [ 18%] Built target vicon_receiver__rosidl_typesupport_c
[0.158s] [ 28%] Built target vicon_receiver__rosidl_typesupport_cpp
[0.158s] [ 40%] Built target vicon_receiver__rosidl_typesupport_introspection_cpp
[0.158s] [ 42%] Built target vicon_receiver__rosidl_typesupport_introspection_c
[0.160s] [ 51%] Built target vicon_receiver__rosidl_typesupport_fastrtps_cpp
[0.196s] [ 59%] Built target vicon_receiver__rosidl_typesupport_fastrtps_c
[0.223s] [ 59%] Built target vicon_receiver
[0.244s] [35m[1mScanning dependencies of target vicon_client_unlabeled[0m
[0.256s] [ 61%] Built target vicon_receiver__py
[0.275s] [ 75%] Built target vicon_client
[0.275s] [ 75%] Built target vicon_client_mock
[0.290s] [ 77%] [32mBuilding CXX object CMakeFiles/vicon_client_unlabeled.dir/src/vicon_unlabeled_marker_receiver/communicator.cpp.o[0m
[0.294s] [ 83%] Built target vicon_receiver__python
[0.334s] [ 95%] Built target vicon_receiver__rosidl_typesupport_introspection_c__pyext
[0.334s] [ 95%] Built target vicon_receiver__rosidl_typesupport_fastrtps_c__pyext
[0.335s] [ 95%] Built target vicon_receiver__rosidl_typesupport_c__pyext
[4.018s] In file included from [01m[K/vicon_GJM_test/ros2-vicon-receiver/vicon_receiver/src/vicon_unlabeled_marker_receiver/communicator.cpp:1[m[K:
[4.018s] [01m[K/vicon_GJM_test/ros2-vicon-receiver/vicon_receiver/include/vicon_unlabeled_marker_receiver/communicator.hpp:46:29:[m[K [01;31m[Kerror: [m[Kâ€˜[01m[KOutput_GetTimecode[m[Kâ€™ has not been declared
[4.018s]    46 |   double CalculateDeltaTime([01;31m[KOutput_GetTimecode[m[K& current, Output_GetTimecode& previous);
[4.018s]       |                             [01;31m[K^~~~~~~~~~~~~~~~~~[m[K
[4.018s] [01m[K/vicon_GJM_test/ros2-vicon-receiver/vicon_receiver/include/vicon_unlabeled_marker_receiver/communicator.hpp:46:58:[m[K [01;31m[Kerror: [m[Kâ€˜[01m[KOutput_GetTimecode[m[Kâ€™ has not been declared
[4.018s]    46 |   double CalculateDeltaTime(Output_GetTimecode& current, [01;31m[KOutput_GetTimecode[m[K& previous);
[4.018s]       |                                                          [01;31m[K^~~~~~~~~~~~~~~~~~[m[K
[4.030s] [01m[K/vicon_GJM_test/ros2-vicon-receiver/vicon_receiver/src/vicon_unlabeled_marker_receiver/communicator.cpp:[m[K In function â€˜[01m[Kint ViconReceiver::UnlabeledMarker::findMajorityElement(std::vector<long unsigned int>&)[m[Kâ€™:
[4.030s] [01m[K/vicon_GJM_test/ros2-vicon-receiver/vicon_receiver/src/vicon_unlabeled_marker_receiver/communicator.cpp:83:21:[m[K [01;35m[Kwarning: [m[Kcomparison of integer expressions of different signedness: â€˜[01m[Kint[m[Kâ€™ and â€˜[01m[Kstd::vector<long unsigned int>::size_type[m[Kâ€™ {aka â€˜[01m[Klong unsigned int[m[Kâ€™} [[01;35m[K-Wsign-compare[m[K]
[4.030s]    83 |   for (int i = 1; [01;35m[Ki < nums.size()[m[K; i++) {
[4.031s]       |                   [01;35m[K~~^~~~~~~~~~~~~[m[K
[4.031s] [01m[K/vicon_GJM_test/ros2-vicon-receiver/vicon_receiver/src/vicon_unlabeled_marker_receiver/communicator.cpp:87:25:[m[K [01;35m[Kwarning: [m[Kcomparison of integer expressions of different signedness: â€˜[01m[Kint[m[Kâ€™ and â€˜[01m[K__gnu_cxx::__alloc_traits<std::allocator<long unsigned int>, long unsigned int>::value_type[m[Kâ€™ {aka â€˜[01m[Klong unsigned int[m[Kâ€™} [[01;35m[K-Wsign-compare[m[K]
[4.031s]    87 |     } else if (majority == nums[i]) {
[4.031s] [01m[K/vicon_GJM_test/ros2-vicon-receiver/vicon_receiver/src/vicon_unlabeled_marker_receiver/communicator.cpp:103:13:[m[K [01;35m[Kwarning: [m[Kcomparison of integer expressions of different signedness: â€˜[01m[Kint[m[Kâ€™ and â€˜[01m[Kstd::vector<long unsigned int>::size_type[m[Kâ€™ {aka â€˜[01m[Klong unsigned int[m[Kâ€™} [[01;35m[K-Wsign-compare[m[K]
[4.031s]   103 |   if ([01;35m[Kcount <= nums.size() / 2[m[K) {
[4.031s]       |       [01;35m[K~~~~~~^~~~~~~~~~~~~~~~~~[m[K
[4.031s] [01m[K/vicon_GJM_test/ros2-vicon-receiver/vicon_receiver/src/vicon_unlabeled_marker_receiver/communicator.cpp:[m[K In function â€˜[01m[Kdouble ViconReceiver::UnlabeledMarker::CalculateDeltaTime(ViconDataStreamSDK::CPP::Output_GetTimecode&, ViconDataStreamSDK::CPP::Output_GetTimecode&)[m[Kâ€™:
[4.031s] [01m[K/vicon_GJM_test/ros2-vicon-receiver/vicon_receiver/src/vicon_unlabeled_marker_receiver/communicator.cpp:117:33:[m[K [01;31m[Kerror: [m[Kâ€˜[01m[Kclass ViconDataStreamSDK::CPP::Output_GetTimecode[m[Kâ€™ has no member named â€˜[01m[KFramesPerSecond[m[Kâ€™
[4.031s]   117 |         delta_frames += current.[01;31m[KFramesPerSecond[m[K;
[4.032s]       |                                 [01;31m[K^~~~~~~~~~~~~~~[m[K
[4.032s] [01m[K/vicon_GJM_test/ros2-vicon-receiver/vicon_receiver/src/vicon_unlabeled_marker_receiver/communicator.cpp:122:52:[m[K [01;31m[Kerror: [m[Kâ€˜[01m[Kclass ViconDataStreamSDK::CPP::Output_GetTimecode[m[Kâ€™ has no member named â€˜[01m[KFramesPerSecond[m[Kâ€™
[4.032s]   122 |                         + (delta_frames) / current.[01;31m[KFramesPerSecond[m[K;
[4.032s]       |                                                    [01;31m[K^~~~~~~~~~~~~~~[m[K
[4.033s] [01m[K/vicon_GJM_test/ros2-vicon-receiver/vicon_receiver/src/vicon_unlabeled_marker_receiver/communicator.cpp:[m[K In member function â€˜[01m[Kvoid ViconReceiver::UnlabeledMarker::Communicator::get_frame()[m[Kâ€™:
[4.033s] [01m[K/vicon_GJM_test/ros2-vicon-receiver/vicon_receiver/src/vicon_unlabeled_marker_receiver/communicator.cpp:142:7:[m[K [01;31m[Kerror: [m[Kconflicting declaration â€˜[01m[Kint marker_count[m[Kâ€™
[4.033s]   142 |   int [01;31m[Kmarker_count[m[K = findMajorityElement(marker_count_total);
[4.033s]       |       [01;31m[K^~~~~~~~~~~~[m[K
[4.033s] [01m[K/vicon_GJM_test/ros2-vicon-receiver/vicon_receiver/src/vicon_unlabeled_marker_receiver/communicator.cpp:138:15:[m[K [01;36m[Knote: [m[Kprevious declaration as â€˜[01m[Kstd::size_t marker_count[m[Kâ€™
[4.033s]   138 |   std::size_t [01;36m[Kmarker_count[m[K = vicon_client.GetUnlabeledMarkerCount().MarkerCount;
[4.033s]       |               [01;36m[K^~~~~~~~~~~~[m[K
[4.033s] [01m[K/vicon_GJM_test/ros2-vicon-receiver/vicon_receiver/src/vicon_unlabeled_marker_receiver/communicator.cpp:142:42:[m[K [01;31m[Kerror: [m[Kcannot convert â€˜[01m[Kstd::vector<long unsigned int>[m[Kâ€™ to â€˜[01m[Kconst std::vector<int>&[m[Kâ€™
[4.033s]   142 |   int marker_count = findMajorityElement([01;31m[Kmarker_count_total[m[K);
[4.033s]       |                                          [01;31m[K^~~~~~~~~~~~~~~~~~[m[K
[4.033s]       |                                          [01;31m[K|[m[K
[4.034s]       |                                          [01;31m[Kstd::vector<long unsigned int>[m[K
[4.034s] In file included from [01m[K/vicon_GJM_test/ros2-vicon-receiver/vicon_receiver/src/vicon_unlabeled_marker_receiver/communicator.cpp:1[m[K:
[4.034s] [01m[K/vicon_GJM_test/ros2-vicon-receiver/vicon_receiver/include/vicon_unlabeled_marker_receiver/communicator.hpp:45:51:[m[K [01;36m[Knote: [m[K  initializing argument 1 of â€˜[01m[Kint ViconReceiver::UnlabeledMarker::Communicator::findMajorityElement(const std::vector<int>&)[m[Kâ€™
[4.034s]    45 |   int findMajorityElement([01;36m[Kconst std::vector<int> &nums[m[K);
[4.034s]       |                           [01;36m[K~~~~~~~~~~~~~~~~~~~~~~~~^~~~[m[K
[4.034s] [01m[K/vicon_GJM_test/ros2-vicon-receiver/vicon_receiver/src/vicon_unlabeled_marker_receiver/communicator.cpp:154:17:[m[K [01;31m[Kerror: [m[Kno matching function for call to â€˜[01m[KViconReceiver::UnlabeledMarker::MarkersStruct::MarkersStruct()[m[Kâ€™
[4.034s]   154 |   MarkersStruct [01;31m[Kprev_markers[m[K;
[4.034s]       |                 [01;31m[K^~~~~~~~~~~~[m[K
[4.034s] In file included from [01m[K/vicon_GJM_test/ros2-vicon-receiver/vicon_receiver/include/vicon_unlabeled_marker_receiver/communicator.hpp:6[m[K,
[4.034s]                  from [01m[K/vicon_GJM_test/ros2-vicon-receiver/vicon_receiver/src/vicon_unlabeled_marker_receiver/communicator.cpp:1[m[K:
[4.034s] [01m[K/vicon_GJM_test/ros2-vicon-receiver/vicon_receiver/include/vicon_unlabeled_marker_receiver/publisher.hpp:13:3:[m[K [01;36m[Knote: [m[Kcandidate: â€˜[01m[KViconReceiver::UnlabeledMarker::MarkersStruct::MarkersStruct(std::size_t, unsigned int)[m[Kâ€™
[4.034s]    13 |   [01;36m[KMarkersStruct[m[K(std::size_t size, unsigned int frame_number)
[4.034s]       |   [01;36m[K^~~~~~~~~~~~~[m[K
[4.035s] [01m[K/vicon_GJM_test/ros2-vicon-receiver/vicon_receiver/include/vicon_unlabeled_marker_receiver/publisher.hpp:13:3:[m[K [01;36m[Knote: [m[K  candidate expects 2 arguments, 0 provided
[4.035s] [01m[K/vicon_GJM_test/ros2-vicon-receiver/vicon_receiver/include/vicon_unlabeled_marker_receiver/publisher.hpp:11:8:[m[K [01;36m[Knote: [m[Kcandidate: â€˜[01m[KViconReceiver::UnlabeledMarker::MarkersStruct::MarkersStruct(const ViconReceiver::UnlabeledMarker::MarkersStruct&)[m[Kâ€™
[4.035s]    11 | struct [01;36m[KMarkersStruct[m[K {
[4.035s]       |        [01;36m[K^~~~~~~~~~~~~[m[K
[4.035s] [01m[K/vicon_GJM_test/ros2-vicon-receiver/vicon_receiver/include/vicon_unlabeled_marker_receiver/publisher.hpp:11:8:[m[K [01;36m[Knote: [m[K  candidate expects 1 argument, 0 provided
[4.035s] [01m[K/vicon_GJM_test/ros2-vicon-receiver/vicon_receiver/include/vicon_unlabeled_marker_receiver/publisher.hpp:11:8:[m[K [01;36m[Knote: [m[Kcandidate: â€˜[01m[KViconReceiver::UnlabeledMarker::MarkersStruct::MarkersStruct(ViconReceiver::UnlabeledMarker::MarkersStruct&&)[m[Kâ€™
[4.035s] [01m[K/vicon_GJM_test/ros2-vicon-receiver/vicon_receiver/include/vicon_unlabeled_marker_receiver/publisher.hpp:11:8:[m[K [01;36m[Knote: [m[K  candidate expects 1 argument, 0 provided
[4.035s] [01m[K/vicon_GJM_test/ros2-vicon-receiver/vicon_receiver/src/vicon_unlabeled_marker_receiver/communicator.cpp:158:44:[m[K [01;31m[Kerror: [m[Kcannot convert â€˜[01m[KViconDataStreamSDK::CPP::Output_GetTimecode[m[Kâ€™ to â€˜[01m[Kint&[m[Kâ€™
[4.035s]   158 |     double delta_time = CalculateDeltaTime([01;31m[Ktimecode[m[K, prev_timecode);
[4.035s]       |                                            [01;31m[K^~~~~~~~[m[K
[4.036s]       |                                            [01;31m[K|[m[K
[4.036s]       |                                            [01;31m[KViconDataStreamSDK::CPP::Output_GetTimecode[m[K
[4.036s] In file included from [01m[K/vicon_GJM_test/ros2-vicon-receiver/vicon_receiver/src/vicon_unlabeled_marker_receiver/communicator.cpp:1[m[K:
[4.036s] [01m[K/vicon_GJM_test/ros2-vicon-receiver/vicon_receiver/include/vicon_unlabeled_marker_receiver/communicator.hpp:46:49:[m[K [01;36m[Knote: [m[K  initializing argument 1 of â€˜[01m[Kdouble ViconReceiver::UnlabeledMarker::Communicator::CalculateDeltaTime(int&, int&)[m[Kâ€™
[4.036s]    46 |   double CalculateDeltaTime([01;36m[KOutput_GetTimecode& current[m[K, Output_GetTimecode& previous);
[4.036s]       |                             [01;36m[K~~~~~~~~~~~~~~~~~~~~^~~~~~~[m[K
[4.036s] [01m[K/vicon_GJM_test/ros2-vicon-receiver/vicon_receiver/src/vicon_unlabeled_marker_receiver/communicator.cpp:167:16:[m[K [01;35m[Kwarning: [m[Kunused variable â€˜[01m[Kspeed[m[Kâ€™ [[01;35m[K-Wunused-variable[m[K]
[4.036s]   167 |         double [01;35m[Kspeed[m[K = sqrt(dx * dx + dy * dy + dz * dz) / delta_time;
[4.036s]       |                [01;35m[K^~~~~[m[K
[5.424s] make[2]: *** [CMakeFiles/vicon_client_unlabeled.dir/build.make:63: CMakeFiles/vicon_client_unlabeled.dir/src/vicon_unlabeled_marker_receiver/communicator.cpp.o] Error 1
[5.424s] make[1]: *** [CMakeFiles/Makefile2:156: CMakeFiles/vicon_client_unlabeled.dir/all] Error 2
[5.424s] make: *** [Makefile:141: all] Error 2
[5.427s] Invoked command in '/vicon_GJM_test/ros2-vicon-receiver/vicon_receiver/build/vicon_receiver' returned '2': CMAKE_PREFIX_PATH=${CMAKE_PREFIX_PATH}:/opt/ros/foxy /usr/bin/cmake --build /vicon_GJM_test/ros2-vicon-receiver/vicon_receiver/build/vicon_receiver -- -j8 -l8
