In file included from [01m[K/vicon_GJM_test/ros2-vicon-receiver/vicon_receiver/src/vicon_unlabeled_marker_receiver/publisher.cpp:1[m[K:
[01m[K/vicon_GJM_test/ros2-vicon-receiver/vicon_receiver/include/vicon_unlabeled_marker_receiver/publisher.hpp:4:10:[m[K [01;31m[Kfatal error: [m[Kvicon_receiver/msg/markers_list.hpp: No such file or directory
    4 | #include [01;31m[K"vicon_receiver/msg/markers_list.hpp"[m[K
      |          [01;31m[K^~~~~~~~~~~~~~~~~~~~~~~~~~~~~~~~~~~~~[m[K
compilation terminated.
make[2]: *** [CMakeFiles/vicon_client_unlabeled.dir/build.make:76: CMakeFiles/vicon_client_unlabeled.dir/src/vicon_unlabeled_marker_receiver/publisher.cpp.o] Error 1
make[2]: *** Waiting for unfinished jobs....
In file included from [01m[K/vicon_GJM_test/ros2-vicon-receiver/vicon_receiver/src/vicon_receiver_mock/publisher.cpp:1[m[K:
[01m[K/vicon_GJM_test/ros2-vicon-receiver/vicon_receiver/include/vicon_receiver_mock/publisher.hpp:4:10:[m[K [01;31m[Kfatal error: [m[Kvicon_receiver/msg/posture.hpp: No such file or directory
    4 | #include [01;31m[K"vicon_receiver/msg/posture.hpp"[m[K
      |          [01;31m[K^~~~~~~~~~~~~~~~~~~~~~~~~~~~~~~~[m[K
compilation terminated.
make[2]: *** [CMakeFiles/vicon_client_mock.dir/build.make:76: CMakeFiles/vicon_client_mock.dir/src/vicon_receiver_mock/publisher.cpp.o] Error 1
make[2]: *** Waiting for unfinished jobs....
In file included from [01m[K/vicon_GJM_test/ros2-vicon-receiver/vicon_receiver/include/vicon_unlabeled_marker_receiver/communicator.hpp:6[m[K,
                 from [01m[K/vicon_GJM_test/ros2-vicon-receiver/vicon_receiver/src/vicon_unlabeled_marker_receiver/communicator.cpp:1[m[K:
[01m[K/vicon_GJM_test/ros2-vicon-receiver/vicon_receiver/include/vicon_unlabeled_marker_receiver/publisher.hpp:4:10:[m[K [01;31m[Kfatal error: [m[Kvicon_receiver/msg/markers_list.hpp: No such file or directory
    4 | #include [01;31m[K"vicon_receiver/msg/markers_list.hpp"[m[K
      |          [01;31m[K^~~~~~~~~~~~~~~~~~~~~~~~~~~~~~~~~~~~~[m[K
compilation terminated.
In file included from [01m[K/vicon_GJM_test/ros2-vicon-receiver/vicon_receiver/src/vicon_receiver/publisher.cpp:1[m[K:
[01m[K/vicon_GJM_test/ros2-vicon-receiver/vicon_receiver/include/vicon_receiver/publisher.hpp:4:10:[m[K [01;31m[Kfatal error: [m[Kvicon_receiver/msg/posture.hpp: No such file or directory
    4 | #include [01;31m[K"vicon_receiver/msg/posture.hpp"[m[K
      |          [01;31m[K^~~~~~~~~~~~~~~~~~~~~~~~~~~~~~~~[m[K
compilation terminated.
make[2]: *** [CMakeFiles/vicon_client_unlabeled.dir/build.make:63: CMakeFiles/vicon_client_unlabeled.dir/src/vicon_unlabeled_marker_receiver/communicator.cpp.o] Error 1
make[1]: *** [CMakeFiles/Makefile2:128: CMakeFiles/vicon_client_unlabeled.dir/all] Error 2
make[1]: *** Waiting for unfinished jobs....
make[2]: *** [CMakeFiles/vicon_client.dir/build.make:76: CMakeFiles/vicon_client.dir/src/vicon_receiver/publisher.cpp.o] Error 1
make[2]: *** Waiting for unfinished jobs....
In file included from [01m[K/vicon_GJM_test/ros2-vicon-receiver/vicon_receiver/include/vicon_receiver/communicator.hpp:6[m[K,
                 from [01m[K/vicon_GJM_test/ros2-vicon-receiver/vicon_receiver/src/vicon_receiver/communicator.cpp:1[m[K:
[01m[K/vicon_GJM_test/ros2-vicon-receiver/vicon_receiver/include/vicon_receiver/publisher.hpp:4:10:[m[K [01;31m[Kfatal error: [m[Kvicon_receiver/msg/posture.hpp: No such file or directory
    4 | #include [01;31m[K"vicon_receiver/msg/posture.hpp"[m[K
      |          [01;31m[K^~~~~~~~~~~~~~~~~~~~~~~~~~~~~~~~[m[K
compilation terminated.
In file included from [01m[K/vicon_GJM_test/ros2-vicon-receiver/vicon_receiver/include/vicon_receiver_mock/data.hpp:2[m[K,
                 from [01m[K/vicon_GJM_test/ros2-vicon-receiver/vicon_receiver/src/vicon_receiver_mock/data.cpp:1[m[K:
[01m[K/vicon_GJM_test/ros2-vicon-receiver/vicon_receiver/include/vicon_receiver_mock/publisher.hpp:4:10:[m[K [01;31m[Kfatal error: [m[Kvicon_receiver/msg/posture.hpp: No such file or directory
    4 | #include [01;31m[K"vicon_receiver/msg/posture.hpp"[m[K
      |          [01;31m[K^~~~~~~~~~~~~~~~~~~~~~~~~~~~~~~~[m[K
compilation terminated.
make[2]: *** [CMakeFiles/vicon_client.dir/build.make:63: CMakeFiles/vicon_client.dir/src/vicon_receiver/communicator.cpp.o] Error 1
make[2]: *** [CMakeFiles/vicon_client_mock.dir/build.make:89: CMakeFiles/vicon_client_mock.dir/src/vicon_receiver_mock/data.cpp.o] Error 1
make[1]: *** [CMakeFiles/Makefile2:156: CMakeFiles/vicon_client.dir/all] Error 2
In file included from [01m[K/vicon_GJM_test/ros2-vicon-receiver/vicon_receiver/include/vicon_receiver_mock/data.hpp:2[m[K,
                 from [01m[K/vicon_GJM_test/ros2-vicon-receiver/vicon_receiver/include/vicon_receiver_mock/communicator.hpp:4[m[K,
                 from [01m[K/vicon_GJM_test/ros2-vicon-receiver/vicon_receiver/src/vicon_receiver_mock/communicator.cpp:1[m[K:
[01m[K/vicon_GJM_test/ros2-vicon-receiver/vicon_receiver/include/vicon_receiver_mock/publisher.hpp:4:10:[m[K [01;31m[Kfatal error: [m[Kvicon_receiver/msg/posture.hpp: No such file or directory
    4 | #include [01;31m[K"vicon_receiver/msg/posture.hpp"[m[K
      |          [01;31m[K^~~~~~~~~~~~~~~~~~~~~~~~~~~~~~~~[m[K
compilation terminated.
make[2]: *** [CMakeFiles/vicon_client_mock.dir/build.make:63: CMakeFiles/vicon_client_mock.dir/src/vicon_receiver_mock/communicator.cpp.o] Error 1
make[1]: *** [CMakeFiles/Makefile2:388: CMakeFiles/vicon_client_mock.dir/all] Error 2
make: *** [Makefile:141: all] Error 2
